build/app/outputs/mapping/release/mapping.txt
# compiler: R8
# compiler_version: 1.5.69
# min_api: 21
# pg_map_id: f04c7ba
...
com.google.android.gms.measurement.internal.zzdl -> com.google.android.gms.measurement.internal.p2:
    com.google.android.gms.measurement.internal.zzdv zzji -> a
com.google.android.gms.measurement.internal.zzdm -> com.google.android.gms.measurement.internal.q2:
    com.google.android.gms.measurement.internal.zzdv zzji -> a
com.google.android.gms.measurement.internal.zzdn -> com.google.android.gms.measurement.internal.r2:
    com.google.android.gms.measurement.internal.zzdv zzji -> a
com.google.android.gms.measurement.internal.zzdo -> com.google.android.gms.measurement.internal.s2:
    com.google.android.gms.measurement.internal.zzdv zzji -> a
com.google.android.gms.measurement.internal.zzdp -> com.google.android.gms.measurement.internal.t2:
    com.google.android.gms.measurement.internal.zzdv zzji -> a
com.google.android.gms.measurement.internal.zzdq -> com.google.android.gms.measurement.internal.u2:
    com.google.android.gms.measurement.internal.zzdv zzji -> a
com.google.android.gms.measurement.internal.zzdr -> com.google.android.gms.measurement.internal.v2:
    com.google.android.gms.measurement.internal.zzdv zzji -> a
com.google.android.gms.measurement.internal.zzds -> com.google.android.gms.measurement.internal.w2:
com.google.android.gms.measurement.internal.zzdt -> com.google.android.gms.measurement.internal.x2:
    com.google.android.gms.measurement.internal.zzdv zzji -> a
com.google.android.gms.measurement.internal.zzdu -> com.google.android.gms.measurement.internal.y2:
    com.google.android.gms.measurement.internal.zzdv zzjk -> b
    java.lang.Object zzjq -> f
    java.lang.Object zzjo -> g
    java.lang.Object zzjn -> d
    java.lang.Object zzjp -> e
    java.lang.Object zzjl -> c
    java.lang.String zzjj -> a
    java.lang.Object get(java.lang.Object) -> a
    java.lang.String getKey() -> a
com.google.android.gms.measurement.internal.zzdv -> com.google.android.gms.measurement.internal.z2:
com.google.android.gms.measurement.internal.zzdw -> com.google.android.gms.measurement.internal.a3:
    boolean zza(int,android.os.Parcel,android.os.Parcel,int) -> a
com.google.android.gms.measurement.internal.zzdx -> com.google.android.gms.measurement.internal.b3:
    java.util.List zza(com.google.android.gms.measurement.internal.zzn,boolean) -> a
    java.util.List zza(java.lang.String,java.lang.String,com.google.android.gms.measurement.internal.zzn) -> a
    java.util.List zza(java.lang.String,java.lang.String,java.lang.String,boolean) -> a
    java.util.List zza(java.lang.String,java.lang.String,boolean,com.google.android.gms.measurement.internal.zzn) -> a
    void zza(long,java.lang.String,java.lang.String,java.lang.String) -> a
    void zza(com.google.android.gms.measurement.internal.zzai,com.google.android.gms.measurement.internal.zzn) -> a
    void zza(com.google.android.gms.measurement.internal.zzai,java.lang.String,java.lang.String) -> a
    void zza(com.google.android.gms.measurement.internal.zzjn,com.google.android.gms.measurement.internal.zzn) -> a
    void zza(com.google.android.gms.measurement.internal.zzn) -> a
    void zza(com.google.android.gms.measurement.internal.zzq,com.google.android.gms.measurement.internal.zzn) -> a
    byte[] zza(com.google.android.gms.measurement.internal.zzai,java.lang.String) -> a
    void zzb(com.google.android.gms.measurement.internal.zzq) -> a
    java.util.List zzc(java.lang.String,java.lang.String,java.lang.String) -> a
    java.lang.String zzc(com.google.android.gms.measurement.internal.zzn) -> b
    void zzb(com.google.android.gms.measurement.internal.zzn) -> c